<?xml version="1.0" encoding="UTF-8"?>
<testsuite name="com.ilcarro.qa.test.CreateAccountTest" tests="4" skipped="0" failures="4" errors="0" timestamp="2021-02-10T09:33:21" hostname="LAPTOPAVRAHAM" time="26.557">
  <properties/>
  <testcase name="testSignUp" classname="com.ilcarro.qa.test.CreateAccountTest" time="3.909">
    <failure message="java.lang.AssertionError: expected [true] but found [false]" type="java.lang.AssertionError">java.lang.AssertionError: expected [true] but found [false]
	at org.testng.Assert.fail(Assert.java:97)
	at org.testng.Assert.failNotEquals(Assert.java:969)
	at org.testng.Assert.assertTrue(Assert.java:43)
	at org.testng.Assert.assertTrue(Assert.java:53)
	at com.ilcarro.qa.test.CreateAccountTest.testSignUp(CreateAccountTest.java:55)
	at sun.reflect.NativeMethodAccessorImpl.invoke0(Native Method)
	at sun.reflect.NativeMethodAccessorImpl.invoke(NativeMethodAccessorImpl.java:62)
	at sun.reflect.DelegatingMethodAccessorImpl.invoke(DelegatingMethodAccessorImpl.java:43)
	at java.lang.reflect.Method.invoke(Method.java:498)
	at org.testng.internal.MethodInvocationHelper.invokeMethod(MethodInvocationHelper.java:134)
	at org.testng.internal.TestInvoker.invokeMethod(TestInvoker.java:597)
	at org.testng.internal.TestInvoker.invokeTestMethod(TestInvoker.java:173)
	at org.testng.internal.MethodRunner.runInSequence(MethodRunner.java:46)
	at org.testng.internal.TestInvoker$MethodInvocationAgent.invoke(TestInvoker.java:816)
	at org.testng.internal.TestInvoker.invokeTestMethods(TestInvoker.java:146)
	at org.testng.internal.TestMethodWorker.invokeTestMethods(TestMethodWorker.java:146)
	at org.testng.internal.TestMethodWorker.run(TestMethodWorker.java:128)
	at java.util.ArrayList.forEach(ArrayList.java:1259)
	at org.testng.TestRunner.privateRun(TestRunner.java:766)
	at org.testng.TestRunner.run(TestRunner.java:587)
	at org.testng.SuiteRunner.runTest(SuiteRunner.java:384)
	at org.testng.SuiteRunner.runSequentially(SuiteRunner.java:378)
	at org.testng.SuiteRunner.privateRun(SuiteRunner.java:337)
	at org.testng.SuiteRunner.run(SuiteRunner.java:286)
	at org.testng.SuiteRunnerWorker.runSuite(SuiteRunnerWorker.java:53)
	at org.testng.SuiteRunnerWorker.run(SuiteRunnerWorker.java:96)
	at org.testng.TestNG.runSuitesSequentially(TestNG.java:1187)
	at org.testng.TestNG.runSuitesLocally(TestNG.java:1109)
	at org.testng.TestNG.runSuites(TestNG.java:1039)
	at org.testng.TestNG.run(TestNG.java:1007)
	at org.gradle.api.internal.tasks.testing.testng.TestNGTestClassProcessor.runTests(TestNGTestClassProcessor.java:141)
	at org.gradle.api.internal.tasks.testing.testng.TestNGTestClassProcessor.stop(TestNGTestClassProcessor.java:90)
	at org.gradle.api.internal.tasks.testing.SuiteTestClassProcessor.stop(SuiteTestClassProcessor.java:61)
	at sun.reflect.NativeMethodAccessorImpl.invoke0(Native Method)
	at sun.reflect.NativeMethodAccessorImpl.invoke(NativeMethodAccessorImpl.java:62)
	at sun.reflect.DelegatingMethodAccessorImpl.invoke(DelegatingMethodAccessorImpl.java:43)
	at java.lang.reflect.Method.invoke(Method.java:498)
	at org.gradle.internal.dispatch.ReflectionDispatch.dispatch(ReflectionDispatch.java:36)
	at org.gradle.internal.dispatch.ReflectionDispatch.dispatch(ReflectionDispatch.java:24)
	at org.gradle.internal.dispatch.ContextClassLoaderDispatch.dispatch(ContextClassLoaderDispatch.java:33)
	at org.gradle.internal.dispatch.ProxyDispatchAdapter$DispatchingInvocationHandler.invoke(ProxyDispatchAdapter.java:94)
	at com.sun.proxy.$Proxy2.stop(Unknown Source)
	at org.gradle.api.internal.tasks.testing.worker.TestWorker.stop(TestWorker.java:132)
	at sun.reflect.NativeMethodAccessorImpl.invoke0(Native Method)
	at sun.reflect.NativeMethodAccessorImpl.invoke(NativeMethodAccessorImpl.java:62)
	at sun.reflect.DelegatingMethodAccessorImpl.invoke(DelegatingMethodAccessorImpl.java:43)
	at java.lang.reflect.Method.invoke(Method.java:498)
	at org.gradle.internal.dispatch.ReflectionDispatch.dispatch(ReflectionDispatch.java:36)
	at org.gradle.internal.dispatch.ReflectionDispatch.dispatch(ReflectionDispatch.java:24)
	at org.gradle.internal.remote.internal.hub.MessageHubBackedObjectConnection$DispatchWrapper.dispatch(MessageHubBackedObjectConnection.java:182)
	at org.gradle.internal.remote.internal.hub.MessageHubBackedObjectConnection$DispatchWrapper.dispatch(MessageHubBackedObjectConnection.java:164)
	at org.gradle.internal.remote.internal.hub.MessageHub$Handler.run(MessageHub.java:412)
	at org.gradle.internal.concurrent.ExecutorPolicy$CatchAndRecordFailures.onExecute(ExecutorPolicy.java:64)
	at org.gradle.internal.concurrent.ManagedExecutorImpl$1.run(ManagedExecutorImpl.java:48)
	at java.util.concurrent.ThreadPoolExecutor.runWorker(ThreadPoolExecutor.java:1149)
	at java.util.concurrent.ThreadPoolExecutor$Worker.run(ThreadPoolExecutor.java:624)
	at org.gradle.internal.concurrent.ThreadFactoryImpl$ManagedThreadRunnable.run(ThreadFactoryImpl.java:56)
	at java.lang.Thread.run(Thread.java:748)
</failure>
  </testcase>
  <testcase name="testSignUpFromDateProvider[0](fName1, sName1, fName28@gmail.com, firstName1)" classname="com.ilcarro.qa.test.CreateAccountTest" time="6.784">
    <failure message="java.lang.AssertionError: expected [true] but found [false]" type="java.lang.AssertionError">java.lang.AssertionError: expected [true] but found [false]
	at org.testng.Assert.fail(Assert.java:97)
	at org.testng.Assert.failNotEquals(Assert.java:969)
	at org.testng.Assert.assertTrue(Assert.java:43)
	at org.testng.Assert.assertTrue(Assert.java:53)
	at com.ilcarro.qa.test.CreateAccountTest.testSignUpFromDateProvider(CreateAccountTest.java:83)
	at sun.reflect.NativeMethodAccessorImpl.invoke0(Native Method)
	at sun.reflect.NativeMethodAccessorImpl.invoke(NativeMethodAccessorImpl.java:62)
	at sun.reflect.DelegatingMethodAccessorImpl.invoke(DelegatingMethodAccessorImpl.java:43)
	at java.lang.reflect.Method.invoke(Method.java:498)
	at org.testng.internal.MethodInvocationHelper.invokeMethod(MethodInvocationHelper.java:134)
	at org.testng.internal.TestInvoker.invokeMethod(TestInvoker.java:597)
	at org.testng.internal.TestInvoker.invokeTestMethod(TestInvoker.java:173)
	at org.testng.internal.MethodRunner.runInSequence(MethodRunner.java:46)
	at org.testng.internal.TestInvoker$MethodInvocationAgent.invoke(TestInvoker.java:816)
	at org.testng.internal.TestInvoker.invokeTestMethods(TestInvoker.java:146)
	at org.testng.internal.TestMethodWorker.invokeTestMethods(TestMethodWorker.java:146)
	at org.testng.internal.TestMethodWorker.run(TestMethodWorker.java:128)
	at java.util.ArrayList.forEach(ArrayList.java:1259)
	at org.testng.TestRunner.privateRun(TestRunner.java:766)
	at org.testng.TestRunner.run(TestRunner.java:587)
	at org.testng.SuiteRunner.runTest(SuiteRunner.java:384)
	at org.testng.SuiteRunner.runSequentially(SuiteRunner.java:378)
	at org.testng.SuiteRunner.privateRun(SuiteRunner.java:337)
	at org.testng.SuiteRunner.run(SuiteRunner.java:286)
	at org.testng.SuiteRunnerWorker.runSuite(SuiteRunnerWorker.java:53)
	at org.testng.SuiteRunnerWorker.run(SuiteRunnerWorker.java:96)
	at org.testng.TestNG.runSuitesSequentially(TestNG.java:1187)
	at org.testng.TestNG.runSuitesLocally(TestNG.java:1109)
	at org.testng.TestNG.runSuites(TestNG.java:1039)
	at org.testng.TestNG.run(TestNG.java:1007)
	at org.gradle.api.internal.tasks.testing.testng.TestNGTestClassProcessor.runTests(TestNGTestClassProcessor.java:141)
	at org.gradle.api.internal.tasks.testing.testng.TestNGTestClassProcessor.stop(TestNGTestClassProcessor.java:90)
	at org.gradle.api.internal.tasks.testing.SuiteTestClassProcessor.stop(SuiteTestClassProcessor.java:61)
	at sun.reflect.NativeMethodAccessorImpl.invoke0(Native Method)
	at sun.reflect.NativeMethodAccessorImpl.invoke(NativeMethodAccessorImpl.java:62)
	at sun.reflect.DelegatingMethodAccessorImpl.invoke(DelegatingMethodAccessorImpl.java:43)
	at java.lang.reflect.Method.invoke(Method.java:498)
	at org.gradle.internal.dispatch.ReflectionDispatch.dispatch(ReflectionDispatch.java:36)
	at org.gradle.internal.dispatch.ReflectionDispatch.dispatch(ReflectionDispatch.java:24)
	at org.gradle.internal.dispatch.ContextClassLoaderDispatch.dispatch(ContextClassLoaderDispatch.java:33)
	at org.gradle.internal.dispatch.ProxyDispatchAdapter$DispatchingInvocationHandler.invoke(ProxyDispatchAdapter.java:94)
	at com.sun.proxy.$Proxy2.stop(Unknown Source)
	at org.gradle.api.internal.tasks.testing.worker.TestWorker.stop(TestWorker.java:132)
	at sun.reflect.NativeMethodAccessorImpl.invoke0(Native Method)
	at sun.reflect.NativeMethodAccessorImpl.invoke(NativeMethodAccessorImpl.java:62)
	at sun.reflect.DelegatingMethodAccessorImpl.invoke(DelegatingMethodAccessorImpl.java:43)
	at java.lang.reflect.Method.invoke(Method.java:498)
	at org.gradle.internal.dispatch.ReflectionDispatch.dispatch(ReflectionDispatch.java:36)
	at org.gradle.internal.dispatch.ReflectionDispatch.dispatch(ReflectionDispatch.java:24)
	at org.gradle.internal.remote.internal.hub.MessageHubBackedObjectConnection$DispatchWrapper.dispatch(MessageHubBackedObjectConnection.java:182)
	at org.gradle.internal.remote.internal.hub.MessageHubBackedObjectConnection$DispatchWrapper.dispatch(MessageHubBackedObjectConnection.java:164)
	at org.gradle.internal.remote.internal.hub.MessageHub$Handler.run(MessageHub.java:412)
	at org.gradle.internal.concurrent.ExecutorPolicy$CatchAndRecordFailures.onExecute(ExecutorPolicy.java:64)
	at org.gradle.internal.concurrent.ManagedExecutorImpl$1.run(ManagedExecutorImpl.java:48)
	at java.util.concurrent.ThreadPoolExecutor.runWorker(ThreadPoolExecutor.java:1149)
	at java.util.concurrent.ThreadPoolExecutor$Worker.run(ThreadPoolExecutor.java:624)
	at org.gradle.internal.concurrent.ThreadFactoryImpl$ManagedThreadRunnable.run(ThreadFactoryImpl.java:56)
	at java.lang.Thread.run(Thread.java:748)
</failure>
  </testcase>
  <testcase name="testSignUpFromDateProvider[1](fName2, sName2, fName29@gmail.com, firstName2)" classname="com.ilcarro.qa.test.CreateAccountTest" time="6.709">
    <failure message="java.lang.AssertionError: expected [true] but found [false]" type="java.lang.AssertionError">java.lang.AssertionError: expected [true] but found [false]
	at org.testng.Assert.fail(Assert.java:97)
	at org.testng.Assert.failNotEquals(Assert.java:969)
	at org.testng.Assert.assertTrue(Assert.java:43)
	at org.testng.Assert.assertTrue(Assert.java:53)
	at com.ilcarro.qa.test.CreateAccountTest.testSignUpFromDateProvider(CreateAccountTest.java:83)
	at sun.reflect.NativeMethodAccessorImpl.invoke0(Native Method)
	at sun.reflect.NativeMethodAccessorImpl.invoke(NativeMethodAccessorImpl.java:62)
	at sun.reflect.DelegatingMethodAccessorImpl.invoke(DelegatingMethodAccessorImpl.java:43)
	at java.lang.reflect.Method.invoke(Method.java:498)
	at org.testng.internal.MethodInvocationHelper.invokeMethod(MethodInvocationHelper.java:134)
	at org.testng.internal.TestInvoker.invokeMethod(TestInvoker.java:597)
	at org.testng.internal.TestInvoker.invokeTestMethod(TestInvoker.java:173)
	at org.testng.internal.MethodRunner.runInSequence(MethodRunner.java:46)
	at org.testng.internal.TestInvoker$MethodInvocationAgent.invoke(TestInvoker.java:816)
	at org.testng.internal.TestInvoker.invokeTestMethods(TestInvoker.java:146)
	at org.testng.internal.TestMethodWorker.invokeTestMethods(TestMethodWorker.java:146)
	at org.testng.internal.TestMethodWorker.run(TestMethodWorker.java:128)
	at java.util.ArrayList.forEach(ArrayList.java:1259)
	at org.testng.TestRunner.privateRun(TestRunner.java:766)
	at org.testng.TestRunner.run(TestRunner.java:587)
	at org.testng.SuiteRunner.runTest(SuiteRunner.java:384)
	at org.testng.SuiteRunner.runSequentially(SuiteRunner.java:378)
	at org.testng.SuiteRunner.privateRun(SuiteRunner.java:337)
	at org.testng.SuiteRunner.run(SuiteRunner.java:286)
	at org.testng.SuiteRunnerWorker.runSuite(SuiteRunnerWorker.java:53)
	at org.testng.SuiteRunnerWorker.run(SuiteRunnerWorker.java:96)
	at org.testng.TestNG.runSuitesSequentially(TestNG.java:1187)
	at org.testng.TestNG.runSuitesLocally(TestNG.java:1109)
	at org.testng.TestNG.runSuites(TestNG.java:1039)
	at org.testng.TestNG.run(TestNG.java:1007)
	at org.gradle.api.internal.tasks.testing.testng.TestNGTestClassProcessor.runTests(TestNGTestClassProcessor.java:141)
	at org.gradle.api.internal.tasks.testing.testng.TestNGTestClassProcessor.stop(TestNGTestClassProcessor.java:90)
	at org.gradle.api.internal.tasks.testing.SuiteTestClassProcessor.stop(SuiteTestClassProcessor.java:61)
	at sun.reflect.NativeMethodAccessorImpl.invoke0(Native Method)
	at sun.reflect.NativeMethodAccessorImpl.invoke(NativeMethodAccessorImpl.java:62)
	at sun.reflect.DelegatingMethodAccessorImpl.invoke(DelegatingMethodAccessorImpl.java:43)
	at java.lang.reflect.Method.invoke(Method.java:498)
	at org.gradle.internal.dispatch.ReflectionDispatch.dispatch(ReflectionDispatch.java:36)
	at org.gradle.internal.dispatch.ReflectionDispatch.dispatch(ReflectionDispatch.java:24)
	at org.gradle.internal.dispatch.ContextClassLoaderDispatch.dispatch(ContextClassLoaderDispatch.java:33)
	at org.gradle.internal.dispatch.ProxyDispatchAdapter$DispatchingInvocationHandler.invoke(ProxyDispatchAdapter.java:94)
	at com.sun.proxy.$Proxy2.stop(Unknown Source)
	at org.gradle.api.internal.tasks.testing.worker.TestWorker.stop(TestWorker.java:132)
	at sun.reflect.NativeMethodAccessorImpl.invoke0(Native Method)
	at sun.reflect.NativeMethodAccessorImpl.invoke(NativeMethodAccessorImpl.java:62)
	at sun.reflect.DelegatingMethodAccessorImpl.invoke(DelegatingMethodAccessorImpl.java:43)
	at java.lang.reflect.Method.invoke(Method.java:498)
	at org.gradle.internal.dispatch.ReflectionDispatch.dispatch(ReflectionDispatch.java:36)
	at org.gradle.internal.dispatch.ReflectionDispatch.dispatch(ReflectionDispatch.java:24)
	at org.gradle.internal.remote.internal.hub.MessageHubBackedObjectConnection$DispatchWrapper.dispatch(MessageHubBackedObjectConnection.java:182)
	at org.gradle.internal.remote.internal.hub.MessageHubBackedObjectConnection$DispatchWrapper.dispatch(MessageHubBackedObjectConnection.java:164)
	at org.gradle.internal.remote.internal.hub.MessageHub$Handler.run(MessageHub.java:412)
	at org.gradle.internal.concurrent.ExecutorPolicy$CatchAndRecordFailures.onExecute(ExecutorPolicy.java:64)
	at org.gradle.internal.concurrent.ManagedExecutorImpl$1.run(ManagedExecutorImpl.java:48)
	at java.util.concurrent.ThreadPoolExecutor.runWorker(ThreadPoolExecutor.java:1149)
	at java.util.concurrent.ThreadPoolExecutor$Worker.run(ThreadPoolExecutor.java:624)
	at org.gradle.internal.concurrent.ThreadFactoryImpl$ManagedThreadRunnable.run(ThreadFactoryImpl.java:56)
	at java.lang.Thread.run(Thread.java:748)
</failure>
  </testcase>
  <testcase name="testSignUpFromDateProvider[2](fName3, sName3, fName30@gmail.com, firstName3)" classname="com.ilcarro.qa.test.CreateAccountTest" time="6.895">
    <failure message="java.lang.AssertionError: expected [true] but found [false]" type="java.lang.AssertionError">java.lang.AssertionError: expected [true] but found [false]
	at org.testng.Assert.fail(Assert.java:97)
	at org.testng.Assert.failNotEquals(Assert.java:969)
	at org.testng.Assert.assertTrue(Assert.java:43)
	at org.testng.Assert.assertTrue(Assert.java:53)
	at com.ilcarro.qa.test.CreateAccountTest.testSignUpFromDateProvider(CreateAccountTest.java:83)
	at sun.reflect.NativeMethodAccessorImpl.invoke0(Native Method)
	at sun.reflect.NativeMethodAccessorImpl.invoke(NativeMethodAccessorImpl.java:62)
	at sun.reflect.DelegatingMethodAccessorImpl.invoke(DelegatingMethodAccessorImpl.java:43)
	at java.lang.reflect.Method.invoke(Method.java:498)
	at org.testng.internal.MethodInvocationHelper.invokeMethod(MethodInvocationHelper.java:134)
	at org.testng.internal.TestInvoker.invokeMethod(TestInvoker.java:597)
	at org.testng.internal.TestInvoker.invokeTestMethod(TestInvoker.java:173)
	at org.testng.internal.MethodRunner.runInSequence(MethodRunner.java:46)
	at org.testng.internal.TestInvoker$MethodInvocationAgent.invoke(TestInvoker.java:816)
	at org.testng.internal.TestInvoker.invokeTestMethods(TestInvoker.java:146)
	at org.testng.internal.TestMethodWorker.invokeTestMethods(TestMethodWorker.java:146)
	at org.testng.internal.TestMethodWorker.run(TestMethodWorker.java:128)
	at java.util.ArrayList.forEach(ArrayList.java:1259)
	at org.testng.TestRunner.privateRun(TestRunner.java:766)
	at org.testng.TestRunner.run(TestRunner.java:587)
	at org.testng.SuiteRunner.runTest(SuiteRunner.java:384)
	at org.testng.SuiteRunner.runSequentially(SuiteRunner.java:378)
	at org.testng.SuiteRunner.privateRun(SuiteRunner.java:337)
	at org.testng.SuiteRunner.run(SuiteRunner.java:286)
	at org.testng.SuiteRunnerWorker.runSuite(SuiteRunnerWorker.java:53)
	at org.testng.SuiteRunnerWorker.run(SuiteRunnerWorker.java:96)
	at org.testng.TestNG.runSuitesSequentially(TestNG.java:1187)
	at org.testng.TestNG.runSuitesLocally(TestNG.java:1109)
	at org.testng.TestNG.runSuites(TestNG.java:1039)
	at org.testng.TestNG.run(TestNG.java:1007)
	at org.gradle.api.internal.tasks.testing.testng.TestNGTestClassProcessor.runTests(TestNGTestClassProcessor.java:141)
	at org.gradle.api.internal.tasks.testing.testng.TestNGTestClassProcessor.stop(TestNGTestClassProcessor.java:90)
	at org.gradle.api.internal.tasks.testing.SuiteTestClassProcessor.stop(SuiteTestClassProcessor.java:61)
	at sun.reflect.NativeMethodAccessorImpl.invoke0(Native Method)
	at sun.reflect.NativeMethodAccessorImpl.invoke(NativeMethodAccessorImpl.java:62)
	at sun.reflect.DelegatingMethodAccessorImpl.invoke(DelegatingMethodAccessorImpl.java:43)
	at java.lang.reflect.Method.invoke(Method.java:498)
	at org.gradle.internal.dispatch.ReflectionDispatch.dispatch(ReflectionDispatch.java:36)
	at org.gradle.internal.dispatch.ReflectionDispatch.dispatch(ReflectionDispatch.java:24)
	at org.gradle.internal.dispatch.ContextClassLoaderDispatch.dispatch(ContextClassLoaderDispatch.java:33)
	at org.gradle.internal.dispatch.ProxyDispatchAdapter$DispatchingInvocationHandler.invoke(ProxyDispatchAdapter.java:94)
	at com.sun.proxy.$Proxy2.stop(Unknown Source)
	at org.gradle.api.internal.tasks.testing.worker.TestWorker.stop(TestWorker.java:132)
	at sun.reflect.NativeMethodAccessorImpl.invoke0(Native Method)
	at sun.reflect.NativeMethodAccessorImpl.invoke(NativeMethodAccessorImpl.java:62)
	at sun.reflect.DelegatingMethodAccessorImpl.invoke(DelegatingMethodAccessorImpl.java:43)
	at java.lang.reflect.Method.invoke(Method.java:498)
	at org.gradle.internal.dispatch.ReflectionDispatch.dispatch(ReflectionDispatch.java:36)
	at org.gradle.internal.dispatch.ReflectionDispatch.dispatch(ReflectionDispatch.java:24)
	at org.gradle.internal.remote.internal.hub.MessageHubBackedObjectConnection$DispatchWrapper.dispatch(MessageHubBackedObjectConnection.java:182)
	at org.gradle.internal.remote.internal.hub.MessageHubBackedObjectConnection$DispatchWrapper.dispatch(MessageHubBackedObjectConnection.java:164)
	at org.gradle.internal.remote.internal.hub.MessageHub$Handler.run(MessageHub.java:412)
	at org.gradle.internal.concurrent.ExecutorPolicy$CatchAndRecordFailures.onExecute(ExecutorPolicy.java:64)
	at org.gradle.internal.concurrent.ManagedExecutorImpl$1.run(ManagedExecutorImpl.java:48)
	at java.util.concurrent.ThreadPoolExecutor.runWorker(ThreadPoolExecutor.java:1149)
	at java.util.concurrent.ThreadPoolExecutor$Worker.run(ThreadPoolExecutor.java:624)
	at org.gradle.internal.concurrent.ThreadFactoryImpl$ManagedThreadRunnable.run(ThreadFactoryImpl.java:56)
	at java.lang.Thread.run(Thread.java:748)
</failure>
  </testcase>
  <system-out><![CDATA[10:33:17 [Test worker] INFO  com.ilcarro.qa.test.TestBase - Start test testSignUpwitch data:  []
10:33:17 [Test worker] INFO  com.ilcarro.qa.test.TestBase - Start searchBy.cssSelector: [href='/signup']
10:33:20 [Test worker] INFO  com.ilcarro.qa.test.TestBase - By.cssSelector: [href='/signup']found.
10:33:20 [Test worker] INFO  com.ilcarro.qa.test.TestBase - Start searchBy.xpath: //a[contains(.,'logOut')]
10:33:21 [Test worker] INFO  com.ilcarro.qa.test.TestBase - By.xpath: //a[contains(.,'logOut')]found.
10:33:21 [Test worker] INFO  com.ilcarro.qa.test.TestBase - Start searchBy.cssSelector: [href='/signup']
10:33:21 [Test worker] INFO  com.ilcarro.qa.test.TestBase - By.cssSelector: [href='/signup']found.
10:33:21 [Test worker] INFO  com.ilcarro.qa.test.TestBase - Start searchBy.cssSelector: form.signup__fields
10:33:21 [Test worker] INFO  com.ilcarro.qa.test.TestBase - By.cssSelector: form.signup__fieldsfound.
10:33:21 [Test worker] INFO  com.ilcarro.qa.test.TestBase - Start searchBy.name: first_name
10:33:21 [Test worker] INFO  com.ilcarro.qa.test.TestBase - By.name: first_namefound.
10:33:21 [Test worker] INFO  com.ilcarro.qa.test.TestBase - Start searchBy.name: first_name
10:33:21 [Test worker] INFO  com.ilcarro.qa.test.TestBase - By.name: first_namefound.
10:33:21 [Test worker] INFO  com.ilcarro.qa.test.TestBase - Start searchBy.name: first_name
10:33:21 [Test worker] INFO  com.ilcarro.qa.test.TestBase - By.name: first_namefound.
10:33:21 [Test worker] INFO  com.ilcarro.qa.test.TestBase - Start searchBy.name: second_name
10:33:21 [Test worker] INFO  com.ilcarro.qa.test.TestBase - By.name: second_namefound.
10:33:21 [Test worker] INFO  com.ilcarro.qa.test.TestBase - Start searchBy.name: second_name
10:33:21 [Test worker] INFO  com.ilcarro.qa.test.TestBase - By.name: second_namefound.
10:33:21 [Test worker] INFO  com.ilcarro.qa.test.TestBase - Start searchBy.name: second_name
10:33:21 [Test worker] INFO  com.ilcarro.qa.test.TestBase - By.name: second_namefound.
10:33:21 [Test worker] INFO  com.ilcarro.qa.test.TestBase - Start searchBy.name: email
10:33:21 [Test worker] INFO  com.ilcarro.qa.test.TestBase - By.name: emailfound.
10:33:21 [Test worker] INFO  com.ilcarro.qa.test.TestBase - Start searchBy.name: email
10:33:21 [Test worker] INFO  com.ilcarro.qa.test.TestBase - By.name: emailfound.
10:33:21 [Test worker] INFO  com.ilcarro.qa.test.TestBase - Start searchBy.name: email
10:33:21 [Test worker] INFO  com.ilcarro.qa.test.TestBase - By.name: emailfound.
10:33:21 [Test worker] INFO  com.ilcarro.qa.test.TestBase - Start searchBy.name: password
10:33:21 [Test worker] INFO  com.ilcarro.qa.test.TestBase - By.name: passwordfound.
10:33:21 [Test worker] INFO  com.ilcarro.qa.test.TestBase - Start searchBy.name: password
10:33:21 [Test worker] INFO  com.ilcarro.qa.test.TestBase - By.name: passwordfound.
10:33:21 [Test worker] INFO  com.ilcarro.qa.test.TestBase - Start searchBy.name: password
10:33:21 [Test worker] INFO  com.ilcarro.qa.test.TestBase - By.name: passwordfound.
10:33:21 [Test worker] INFO  com.ilcarro.qa.test.TestBase - Start searchBy.cssSelector: #check_policy
10:33:21 [Test worker] INFO  com.ilcarro.qa.test.TestBase - By.cssSelector: #check_policyfound.
10:33:21 [Test worker] INFO  com.ilcarro.qa.test.TestBase - Start searchBy.cssSelector: [type='submit']
10:33:21 [Test worker] INFO  com.ilcarro.qa.test.TestBase - By.cssSelector: [type='submit']found.
10:33:21 [Test worker] INFO  com.ilcarro.qa.test.TestBase - Start searchBy.cssSelector: .Login_login__right_block__1niYm
10:33:24 [Test worker] INFO  com.ilcarro.qa.test.TestBase - By.cssSelector: .Login_login__right_block__1niYmfound.
10:33:25 [Test worker] ERROR com.ilcarro.qa.test.TestBase - FAILED method testSignUp
ScreenshotC:\Users\avrah\Documents\GitHub\QA11_ilCaro_AGranov\screenshot1612949605753.png
10:33:25 [Test worker] INFO  com.ilcarro.qa.test.TestBase - =======================================================================
10:33:25 [Test worker] INFO  com.ilcarro.qa.test.TestBase - Start test testSignUpFromDateProviderwitch data:  [fName1, sName1, fName28@gmail.com, firstName1]
10:33:25 [Test worker] INFO  com.ilcarro.qa.test.TestBase - Start searchBy.cssSelector: [href='/signup']
10:33:25 [Test worker] INFO  com.ilcarro.qa.test.TestBase - By.cssSelector: [href='/signup']found.
10:33:25 [Test worker] INFO  com.ilcarro.qa.test.TestBase - Start searchBy.cssSelector: [href='/signup']
10:33:25 [Test worker] INFO  com.ilcarro.qa.test.TestBase - By.cssSelector: [href='/signup']found.
10:33:25 [Test worker] INFO  com.ilcarro.qa.test.TestBase - Start searchBy.cssSelector: form.signup__fields
10:33:25 [Test worker] INFO  com.ilcarro.qa.test.TestBase - By.cssSelector: form.signup__fieldsfound.
10:33:25 [Test worker] INFO  com.ilcarro.qa.test.TestBase - Start searchBy.name: first_name
10:33:25 [Test worker] INFO  com.ilcarro.qa.test.TestBase - By.name: first_namefound.
10:33:25 [Test worker] INFO  com.ilcarro.qa.test.TestBase - Start searchBy.name: first_name
10:33:25 [Test worker] INFO  com.ilcarro.qa.test.TestBase - By.name: first_namefound.
10:33:25 [Test worker] INFO  com.ilcarro.qa.test.TestBase - Start searchBy.name: first_name
10:33:25 [Test worker] INFO  com.ilcarro.qa.test.TestBase - By.name: first_namefound.
10:33:25 [Test worker] INFO  com.ilcarro.qa.test.TestBase - Start searchBy.name: second_name
10:33:25 [Test worker] INFO  com.ilcarro.qa.test.TestBase - By.name: second_namefound.
10:33:26 [Test worker] INFO  com.ilcarro.qa.test.TestBase - Start searchBy.name: second_name
10:33:26 [Test worker] INFO  com.ilcarro.qa.test.TestBase - By.name: second_namefound.
10:33:26 [Test worker] INFO  com.ilcarro.qa.test.TestBase - Start searchBy.name: second_name
10:33:26 [Test worker] INFO  com.ilcarro.qa.test.TestBase - By.name: second_namefound.
10:33:26 [Test worker] INFO  com.ilcarro.qa.test.TestBase - Start searchBy.name: email
10:33:26 [Test worker] INFO  com.ilcarro.qa.test.TestBase - By.name: emailfound.
10:33:26 [Test worker] INFO  com.ilcarro.qa.test.TestBase - Start searchBy.name: email
10:33:26 [Test worker] INFO  com.ilcarro.qa.test.TestBase - By.name: emailfound.
10:33:26 [Test worker] INFO  com.ilcarro.qa.test.TestBase - Start searchBy.name: email
10:33:26 [Test worker] INFO  com.ilcarro.qa.test.TestBase - By.name: emailfound.
10:33:26 [Test worker] INFO  com.ilcarro.qa.test.TestBase - Start searchBy.name: password
10:33:26 [Test worker] INFO  com.ilcarro.qa.test.TestBase - By.name: passwordfound.
10:33:26 [Test worker] INFO  com.ilcarro.qa.test.TestBase - Start searchBy.name: password
10:33:26 [Test worker] INFO  com.ilcarro.qa.test.TestBase - By.name: passwordfound.
10:33:26 [Test worker] INFO  com.ilcarro.qa.test.TestBase - Start searchBy.name: password
10:33:26 [Test worker] INFO  com.ilcarro.qa.test.TestBase - By.name: passwordfound.
10:33:26 [Test worker] INFO  com.ilcarro.qa.test.TestBase - Start searchBy.cssSelector: #check_policy
10:33:26 [Test worker] INFO  com.ilcarro.qa.test.TestBase - By.cssSelector: #check_policyfound.
10:33:26 [Test worker] INFO  com.ilcarro.qa.test.TestBase - Start searchBy.cssSelector: [type='submit']
10:33:26 [Test worker] INFO  com.ilcarro.qa.test.TestBase - By.cssSelector: [type='submit']found.
10:33:26 [Test worker] INFO  com.ilcarro.qa.test.TestBase - Start searchBy.cssSelector: .Login_login__right_block__1niYm
10:33:29 [Test worker] INFO  com.ilcarro.qa.test.TestBase - By.cssSelector: .Login_login__right_block__1niYmfound.
10:33:29 [Test worker] INFO  com.ilcarro.qa.test.TestBase - Login from present. actual result: false expected result is: true
10:33:29 [Test worker] INFO  com.ilcarro.qa.test.TestBase - Start searchBy.cssSelector: .Login_login__right_block__1niYm
10:33:32 [Test worker] INFO  com.ilcarro.qa.test.TestBase - By.cssSelector: .Login_login__right_block__1niYmfound.
10:33:33 [Test worker] ERROR com.ilcarro.qa.test.TestBase - FAILED method testSignUpFromDateProvider
ScreenshotC:\Users\avrah\Documents\GitHub\QA11_ilCaro_AGranov\screenshot1612949613286.png
10:33:33 [Test worker] INFO  com.ilcarro.qa.test.TestBase - =======================================================================
10:33:33 [Test worker] INFO  com.ilcarro.qa.test.TestBase - Start test testSignUpFromDateProviderwitch data:  [fName2, sName2, fName29@gmail.com, firstName2]
10:33:33 [Test worker] INFO  com.ilcarro.qa.test.TestBase - Start searchBy.cssSelector: [href='/signup']
10:33:33 [Test worker] INFO  com.ilcarro.qa.test.TestBase - By.cssSelector: [href='/signup']found.
10:33:33 [Test worker] INFO  com.ilcarro.qa.test.TestBase - Start searchBy.cssSelector: [href='/signup']
10:33:33 [Test worker] INFO  com.ilcarro.qa.test.TestBase - By.cssSelector: [href='/signup']found.
10:33:33 [Test worker] INFO  com.ilcarro.qa.test.TestBase - Start searchBy.cssSelector: form.signup__fields
10:33:33 [Test worker] INFO  com.ilcarro.qa.test.TestBase - By.cssSelector: form.signup__fieldsfound.
10:33:33 [Test worker] INFO  com.ilcarro.qa.test.TestBase - Start searchBy.name: first_name
10:33:33 [Test worker] INFO  com.ilcarro.qa.test.TestBase - By.name: first_namefound.
10:33:33 [Test worker] INFO  com.ilcarro.qa.test.TestBase - Start searchBy.name: first_name
10:33:33 [Test worker] INFO  com.ilcarro.qa.test.TestBase - By.name: first_namefound.
10:33:33 [Test worker] INFO  com.ilcarro.qa.test.TestBase - Start searchBy.name: first_name
10:33:33 [Test worker] INFO  com.ilcarro.qa.test.TestBase - By.name: first_namefound.
10:33:33 [Test worker] INFO  com.ilcarro.qa.test.TestBase - Start searchBy.name: second_name
10:33:33 [Test worker] INFO  com.ilcarro.qa.test.TestBase - By.name: second_namefound.
10:33:33 [Test worker] INFO  com.ilcarro.qa.test.TestBase - Start searchBy.name: second_name
10:33:33 [Test worker] INFO  com.ilcarro.qa.test.TestBase - By.name: second_namefound.
10:33:33 [Test worker] INFO  com.ilcarro.qa.test.TestBase - Start searchBy.name: second_name
10:33:33 [Test worker] INFO  com.ilcarro.qa.test.TestBase - By.name: second_namefound.
10:33:33 [Test worker] INFO  com.ilcarro.qa.test.TestBase - Start searchBy.name: email
10:33:33 [Test worker] INFO  com.ilcarro.qa.test.TestBase - By.name: emailfound.
10:33:33 [Test worker] INFO  com.ilcarro.qa.test.TestBase - Start searchBy.name: email
10:33:33 [Test worker] INFO  com.ilcarro.qa.test.TestBase - By.name: emailfound.
10:33:33 [Test worker] INFO  com.ilcarro.qa.test.TestBase - Start searchBy.name: email
10:33:33 [Test worker] INFO  com.ilcarro.qa.test.TestBase - By.name: emailfound.
10:33:33 [Test worker] INFO  com.ilcarro.qa.test.TestBase - Start searchBy.name: password
10:33:33 [Test worker] INFO  com.ilcarro.qa.test.TestBase - By.name: passwordfound.
10:33:33 [Test worker] INFO  com.ilcarro.qa.test.TestBase - Start searchBy.name: password
10:33:33 [Test worker] INFO  com.ilcarro.qa.test.TestBase - By.name: passwordfound.
10:33:33 [Test worker] INFO  com.ilcarro.qa.test.TestBase - Start searchBy.name: password
10:33:33 [Test worker] INFO  com.ilcarro.qa.test.TestBase - By.name: passwordfound.
10:33:33 [Test worker] INFO  com.ilcarro.qa.test.TestBase - Start searchBy.cssSelector: #check_policy
10:33:33 [Test worker] INFO  com.ilcarro.qa.test.TestBase - By.cssSelector: #check_policyfound.
10:33:33 [Test worker] INFO  com.ilcarro.qa.test.TestBase - Start searchBy.cssSelector: [type='submit']
10:33:33 [Test worker] INFO  com.ilcarro.qa.test.TestBase - By.cssSelector: [type='submit']found.
10:33:33 [Test worker] INFO  com.ilcarro.qa.test.TestBase - Start searchBy.cssSelector: .Login_login__right_block__1niYm
10:33:36 [Test worker] INFO  com.ilcarro.qa.test.TestBase - By.cssSelector: .Login_login__right_block__1niYmfound.
10:33:36 [Test worker] INFO  com.ilcarro.qa.test.TestBase - Login from present. actual result: false expected result is: true
10:33:36 [Test worker] INFO  com.ilcarro.qa.test.TestBase - Start searchBy.cssSelector: .Login_login__right_block__1niYm
10:33:40 [Test worker] INFO  com.ilcarro.qa.test.TestBase - By.cssSelector: .Login_login__right_block__1niYmfound.
10:33:40 [Test worker] ERROR com.ilcarro.qa.test.TestBase - FAILED method testSignUpFromDateProvider
ScreenshotC:\Users\avrah\Documents\GitHub\QA11_ilCaro_AGranov\screenshot1612949620728.png
10:33:40 [Test worker] INFO  com.ilcarro.qa.test.TestBase - =======================================================================
10:33:40 [Test worker] INFO  com.ilcarro.qa.test.TestBase - Start test testSignUpFromDateProviderwitch data:  [fName3, sName3, fName30@gmail.com, firstName3]
10:33:40 [Test worker] INFO  com.ilcarro.qa.test.TestBase - Start searchBy.cssSelector: [href='/signup']
10:33:40 [Test worker] INFO  com.ilcarro.qa.test.TestBase - By.cssSelector: [href='/signup']found.
10:33:40 [Test worker] INFO  com.ilcarro.qa.test.TestBase - Start searchBy.cssSelector: [href='/signup']
10:33:40 [Test worker] INFO  com.ilcarro.qa.test.TestBase - By.cssSelector: [href='/signup']found.
10:33:40 [Test worker] INFO  com.ilcarro.qa.test.TestBase - Start searchBy.cssSelector: form.signup__fields
10:33:40 [Test worker] INFO  com.ilcarro.qa.test.TestBase - By.cssSelector: form.signup__fieldsfound.
10:33:40 [Test worker] INFO  com.ilcarro.qa.test.TestBase - Start searchBy.name: first_name
10:33:40 [Test worker] INFO  com.ilcarro.qa.test.TestBase - By.name: first_namefound.
10:33:40 [Test worker] INFO  com.ilcarro.qa.test.TestBase - Start searchBy.name: first_name
10:33:40 [Test worker] INFO  com.ilcarro.qa.test.TestBase - By.name: first_namefound.
10:33:40 [Test worker] INFO  com.ilcarro.qa.test.TestBase - Start searchBy.name: first_name
10:33:40 [Test worker] INFO  com.ilcarro.qa.test.TestBase - By.name: first_namefound.
10:33:40 [Test worker] INFO  com.ilcarro.qa.test.TestBase - Start searchBy.name: second_name
10:33:40 [Test worker] INFO  com.ilcarro.qa.test.TestBase - By.name: second_namefound.
10:33:41 [Test worker] INFO  com.ilcarro.qa.test.TestBase - Start searchBy.name: second_name
10:33:41 [Test worker] INFO  com.ilcarro.qa.test.TestBase - By.name: second_namefound.
10:33:41 [Test worker] INFO  com.ilcarro.qa.test.TestBase - Start searchBy.name: second_name
10:33:41 [Test worker] INFO  com.ilcarro.qa.test.TestBase - By.name: second_namefound.
10:33:41 [Test worker] INFO  com.ilcarro.qa.test.TestBase - Start searchBy.name: email
10:33:41 [Test worker] INFO  com.ilcarro.qa.test.TestBase - By.name: emailfound.
10:33:41 [Test worker] INFO  com.ilcarro.qa.test.TestBase - Start searchBy.name: email
10:33:41 [Test worker] INFO  com.ilcarro.qa.test.TestBase - By.name: emailfound.
10:33:41 [Test worker] INFO  com.ilcarro.qa.test.TestBase - Start searchBy.name: email
10:33:41 [Test worker] INFO  com.ilcarro.qa.test.TestBase - By.name: emailfound.
10:33:41 [Test worker] INFO  com.ilcarro.qa.test.TestBase - Start searchBy.name: password
10:33:41 [Test worker] INFO  com.ilcarro.qa.test.TestBase - By.name: passwordfound.
10:33:41 [Test worker] INFO  com.ilcarro.qa.test.TestBase - Start searchBy.name: password
10:33:41 [Test worker] INFO  com.ilcarro.qa.test.TestBase - By.name: passwordfound.
10:33:41 [Test worker] INFO  com.ilcarro.qa.test.TestBase - Start searchBy.name: password
10:33:41 [Test worker] INFO  com.ilcarro.qa.test.TestBase - By.name: passwordfound.
10:33:41 [Test worker] INFO  com.ilcarro.qa.test.TestBase - Start searchBy.cssSelector: #check_policy
10:33:41 [Test worker] INFO  com.ilcarro.qa.test.TestBase - By.cssSelector: #check_policyfound.
10:33:41 [Test worker] INFO  com.ilcarro.qa.test.TestBase - Start searchBy.cssSelector: [type='submit']
10:33:41 [Test worker] INFO  com.ilcarro.qa.test.TestBase - By.cssSelector: [type='submit']found.
10:33:41 [Test worker] INFO  com.ilcarro.qa.test.TestBase - Start searchBy.cssSelector: .Login_login__right_block__1niYm
10:33:44 [Test worker] INFO  com.ilcarro.qa.test.TestBase - By.cssSelector: .Login_login__right_block__1niYmfound.
10:33:44 [Test worker] INFO  com.ilcarro.qa.test.TestBase - Login from present. actual result: false expected result is: true
10:33:44 [Test worker] INFO  com.ilcarro.qa.test.TestBase - Start searchBy.cssSelector: .Login_login__right_block__1niYm
10:33:47 [Test worker] INFO  com.ilcarro.qa.test.TestBase - By.cssSelector: .Login_login__right_block__1niYmfound.
10:33:48 [Test worker] ERROR com.ilcarro.qa.test.TestBase - FAILED method testSignUpFromDateProvider
ScreenshotC:\Users\avrah\Documents\GitHub\QA11_ilCaro_AGranov\screenshot1612949628407.png
10:33:48 [Test worker] INFO  com.ilcarro.qa.test.TestBase - =======================================================================
]]></system-out>
  <system-err><![CDATA[]]></system-err>
</testsuite>
